<?xml version="1.0" encoding="UTF-8"?>
<robot generator="Robot 3.2.1 (Python 3.8.3 on win32)" generated="20200616 12:18:16.768" rpa="false">
<suite id="s1" name="RobotProject Sample" source="C:\Users\prasanna\git\repository1\RobotProject_Sample">
<suite id="s1-s1" name="Demo" source="C:\Users\prasanna\git\repository1\RobotProject_Sample\Demo">
<suite id="s1-s1-s1" name="TestSuite1" source="C:\Users\prasanna\git\repository1\RobotProject_Sample\Demo\TestSuite1.robot">
<test id="s1-s1-s1-t1" name="MyFirstTest">
<kw name="Set Tags" library="BuiltIn">
<doc>Adds given ``tags`` for the current test or all tests in a suite.</doc>
<arguments>
<arg>smoke</arg>
</arguments>
<msg timestamp="20200616 12:18:17.450" level="INFO">Set tag 'smoke'.</msg>
<status status="PASS" starttime="20200616 12:18:17.449" endtime="20200616 12:18:17.451"></status>
</kw>
<kw name="Log" library="BuiltIn">
<doc>Logs the given message with the given level.</doc>
<arguments>
<arg>Hello World....</arg>
</arguments>
<msg timestamp="20200616 12:18:17.452" level="INFO">Hello World....</msg>
<status status="PASS" starttime="20200616 12:18:17.451" endtime="20200616 12:18:17.452"></status>
</kw>
<tags>
<tag>sanity</tag>
<tag>smoke</tag>
</tags>
<status status="PASS" starttime="20200616 12:18:17.448" endtime="20200616 12:18:17.452" critical="yes"></status>
</test>
<test id="s1-s1-s1-t2" name="MySecondTest">
<kw name="Log" library="BuiltIn">
<doc>Logs the given message with the given level.</doc>
<arguments>
<arg>Hello World2....</arg>
</arguments>
<msg timestamp="20200616 12:18:17.455" level="INFO">Hello World2....</msg>
<status status="PASS" starttime="20200616 12:18:17.455" endtime="20200616 12:18:17.456"></status>
</kw>
<tags>
<tag>sanity</tag>
</tags>
<status status="PASS" starttime="20200616 12:18:17.453" endtime="20200616 12:18:17.456" critical="yes"></status>
</test>
<test id="s1-s1-s1-t3" name="MyThirdTest">
<kw name="Log" library="BuiltIn">
<doc>Logs the given message with the given level.</doc>
<arguments>
<arg>Hello World3....</arg>
</arguments>
<msg timestamp="20200616 12:18:17.459" level="INFO">Hello World3....</msg>
<status status="PASS" starttime="20200616 12:18:17.458" endtime="20200616 12:18:17.459"></status>
</kw>
<tags>
<tag>sanity</tag>
</tags>
<status status="PASS" starttime="20200616 12:18:17.457" endtime="20200616 12:18:17.459" critical="yes"></status>
</test>
<test id="s1-s1-s1-t4" name="FirstSeleniumTest">
<kw name="Open Browser" library="SeleniumLibrary">
<doc>Opens a new browser instance to the optional ``url``.</doc>
<arguments>
<arg>https:google.com</arg>
<arg>chrome</arg>
</arguments>
<msg timestamp="20200616 12:18:17.462" level="INFO">Opening browser 'chrome' to base url 'https:google.com'.</msg>
<status status="PASS" starttime="20200616 12:18:17.461" endtime="20200616 12:18:24.544"></status>
</kw>
<kw name="Set Browser Implicit Wait" library="SeleniumLibrary">
<doc>Sets the implicit wait value used by Selenium.</doc>
<arguments>
<arg>5</arg>
</arguments>
<status status="PASS" starttime="20200616 12:18:24.545" endtime="20200616 12:18:24.549"></status>
</kw>
<kw name="Input Text" library="SeleniumLibrary">
<doc>Types the given ``text`` into the text field identified by ``locator``.</doc>
<arguments>
<arg>name=q</arg>
<arg>Automation Step by Step</arg>
</arguments>
<msg timestamp="20200616 12:18:24.550" level="INFO">Typing text 'Automation Step by Step' into text field 'name=q'.</msg>
<status status="PASS" starttime="20200616 12:18:24.549" endtime="20200616 12:18:25.060"></status>
</kw>
<kw name="Press Keys" library="SeleniumLibrary">
<doc>Simulates the user pressing key(s) to an element or on the active browser.</doc>
<arguments>
<arg>name=q</arg>
<arg>ENTER</arg>
</arguments>
<msg timestamp="20200616 12:18:25.062" level="INFO">Sending key(s) ('ENTER',) to name=q element.</msg>
<msg timestamp="20200616 12:18:25.394" level="INFO">Pressing special key ENTER to element.</msg>
<msg timestamp="20200616 12:18:25.395" level="INFO">Releasing special key ENTER.</msg>
<status status="PASS" starttime="20200616 12:18:25.061" endtime="20200616 12:18:27.106"></status>
</kw>
<kw name="Sleep" library="BuiltIn">
<doc>Pauses the test executed for the given time.</doc>
<arguments>
<arg>2</arg>
</arguments>
<msg timestamp="20200616 12:18:29.110" level="INFO">Slept 2 seconds</msg>
<status status="PASS" starttime="20200616 12:18:27.107" endtime="20200616 12:18:29.110"></status>
</kw>
<kw name="Log" library="BuiltIn">
<doc>Logs the given message with the given level.</doc>
<arguments>
<arg>Test Passed</arg>
</arguments>
<msg timestamp="20200616 12:18:29.113" level="INFO">Test Passed</msg>
<status status="PASS" starttime="20200616 12:18:29.111" endtime="20200616 12:18:29.114"></status>
</kw>
<tags>
<tag>sanity</tag>
</tags>
<status status="PASS" starttime="20200616 12:18:17.460" endtime="20200616 12:18:29.114" critical="yes"></status>
</test>
<test id="s1-s1-s1-t5" name="SampleLoginTest">
<kw name="Open Browser" library="SeleniumLibrary">
<doc>Opens a new browser instance to the optional ``url``.</doc>
<arguments>
<arg>${URL}</arg>
<arg>chrome</arg>
</arguments>
<msg timestamp="20200616 12:18:29.120" level="INFO">Opening browser 'chrome' to base url 'https://opensource-demo.orangehrmlive.com/'.</msg>
<status status="PASS" starttime="20200616 12:18:29.119" endtime="20200616 12:18:36.376"></status>
</kw>
<kw name="Set Browser Implicit Wait" library="SeleniumLibrary">
<doc>Sets the implicit wait value used by Selenium.</doc>
<arguments>
<arg>5</arg>
</arguments>
<status status="PASS" starttime="20200616 12:18:36.377" endtime="20200616 12:18:36.382"></status>
</kw>
<kw name="LoginKW">
<kw name="Input Text" library="SeleniumLibrary">
<doc>Types the given ``text`` into the text field identified by ``locator``.</doc>
<arguments>
<arg>id=txtUsername</arg>
<arg>@{CREDENTIALS}[0]</arg>
</arguments>
<msg timestamp="20200616 12:18:36.388" level="WARN">Accessing variable items using '@{CREDENTIALS}[0]' syntax is deprecated. Use '${CREDENTIALS}[0]' instead.</msg>
<msg timestamp="20200616 12:18:36.389" level="INFO">Typing text 'Admin' into text field 'id=txtUsername'.</msg>
<status status="PASS" starttime="20200616 12:18:36.386" endtime="20200616 12:18:36.786"></status>
</kw>
<kw name="Input Text" library="SeleniumLibrary">
<doc>Types the given ``text`` into the text field identified by ``locator``.</doc>
<arguments>
<arg>id=txtPassword</arg>
<arg>&amp;{LOGINDATA}[password]</arg>
</arguments>
<msg timestamp="20200616 12:18:36.788" level="WARN">Accessing variable items using '&amp;{LOGINDATA}[password]' syntax is deprecated. Use '${LOGINDATA}[password]' instead.</msg>
<msg timestamp="20200616 12:18:36.790" level="INFO">Typing text 'admin123' into text field 'id=txtPassword'.</msg>
<status status="PASS" starttime="20200616 12:18:36.787" endtime="20200616 12:18:37.003"></status>
</kw>
<kw name="Click Button" library="SeleniumLibrary">
<doc>Clicks the button identified by ``locator``.</doc>
<arguments>
<arg>id=btnLogin</arg>
</arguments>
<msg timestamp="20200616 12:18:37.005" level="INFO">Clicking button 'id=btnLogin'.</msg>
<status status="PASS" starttime="20200616 12:18:37.004" endtime="20200616 12:18:42.776"></status>
</kw>
<status status="PASS" starttime="20200616 12:18:36.383" endtime="20200616 12:18:42.777"></status>
</kw>
<kw name="Click Element" library="SeleniumLibrary">
<doc>Click the element identified by ``locator``.</doc>
<arguments>
<arg>id=welcome</arg>
</arguments>
<msg timestamp="20200616 12:18:42.781" level="INFO">Clicking element 'id=welcome'.</msg>
<status status="PASS" starttime="20200616 12:18:42.778" endtime="20200616 12:18:42.933"></status>
</kw>
<kw name="Click Element" library="SeleniumLibrary">
<doc>Click the element identified by ``locator``.</doc>
<arguments>
<arg>link=Logout</arg>
</arguments>
<msg timestamp="20200616 12:18:42.936" level="INFO">Clicking element 'link=Logout'.</msg>
<status status="PASS" starttime="20200616 12:18:42.935" endtime="20200616 12:18:45.577"></status>
</kw>
<kw name="Close Browser" library="SeleniumLibrary">
<doc>Closes the current browser.</doc>
<status status="PASS" starttime="20200616 12:18:45.577" endtime="20200616 12:18:48.294"></status>
</kw>
<kw name="Log" library="BuiltIn">
<doc>Logs the given message with the given level.</doc>
<arguments>
<arg>Test Completed</arg>
</arguments>
<msg timestamp="20200616 12:18:48.298" level="INFO">Test Completed</msg>
<status status="PASS" starttime="20200616 12:18:48.296" endtime="20200616 12:18:48.299"></status>
</kw>
<kw name="Log" library="BuiltIn">
<doc>Logs the given message with the given level.</doc>
<arguments>
<arg>This test was executed by %{username} on %{os}</arg>
</arguments>
<msg timestamp="20200616 12:18:48.303" level="INFO">This test was executed by prasanna on Windows_NT</msg>
<status status="PASS" starttime="20200616 12:18:48.300" endtime="20200616 12:18:48.303"></status>
</kw>
<tags>
<tag>sanity</tag>
</tags>
<status status="PASS" starttime="20200616 12:18:29.116" endtime="20200616 12:18:48.305" critical="yes"></status>
</test>
<status status="PASS" starttime="20200616 12:18:16.957" endtime="20200616 12:18:48.313"></status>
</suite>
<status status="PASS" starttime="20200616 12:18:16.951" endtime="20200616 12:18:48.326"></status>
</suite>
<status status="PASS" starttime="20200616 12:18:16.905" endtime="20200616 12:18:48.332"></status>
</suite>
<statistics>
<total>
<stat pass="5" fail="0">Critical Tests</stat>
<stat pass="5" fail="0">All Tests</stat>
</total>
<tag>
<stat pass="5" fail="0">sanity</stat>
<stat pass="1" fail="0">smoke</stat>
</tag>
<suite>
<stat pass="5" fail="0" id="s1" name="RobotProject Sample">RobotProject Sample</stat>
<stat pass="5" fail="0" id="s1-s1" name="Demo">RobotProject Sample.Demo</stat>
<stat pass="5" fail="0" id="s1-s1-s1" name="TestSuite1">RobotProject Sample.Demo.TestSuite1</stat>
</suite>
</statistics>
<errors>
<msg timestamp="20200616 12:18:36.388" level="WARN">Accessing variable items using '@{CREDENTIALS}[0]' syntax is deprecated. Use '${CREDENTIALS}[0]' instead.</msg>
<msg timestamp="20200616 12:18:36.788" level="WARN">Accessing variable items using '&amp;{LOGINDATA}[password]' syntax is deprecated. Use '${LOGINDATA}[password]' instead.</msg>
</errors>
</robot>
