<?xml version="1.0" encoding="UTF-8"?>
<robot generator="Robot 3.2.1 (Python 3.8.3 on win32)" generated="20200616 11:38:14.671" rpa="false">
<suite id="s1" name="RobotProject Sample" source="C:\Users\prasanna\git\Robotproject_Prasanna\RobotProject_Sample">
<suite id="s1-s1" name="Demo" source="C:\Users\prasanna\git\Robotproject_Prasanna\RobotProject_Sample\Demo">
<suite id="s1-s1-s1" name="TestSuite1" source="C:\Users\prasanna\git\Robotproject_Prasanna\RobotProject_Sample\Demo\TestSuite1.robot">
<test id="s1-s1-s1-t1" name="MySecondTest">
<kw name="Log" library="BuiltIn">
<doc>Logs the given message with the given level.</doc>
<arguments>
<arg>Hello World2....</arg>
</arguments>
<msg timestamp="20200616 11:38:15.224" level="INFO">Hello World2....</msg>
<status status="PASS" starttime="20200616 11:38:15.223" endtime="20200616 11:38:15.224"></status>
</kw>
<tags>
<tag>sanity</tag>
</tags>
<status status="PASS" starttime="20200616 11:38:15.221" endtime="20200616 11:38:15.225" critical="yes"></status>
</test>
<status status="PASS" starttime="20200616 11:38:14.795" endtime="20200616 11:38:15.226"></status>
</suite>
<status status="PASS" starttime="20200616 11:38:14.788" endtime="20200616 11:38:15.230"></status>
</suite>
<status status="PASS" starttime="20200616 11:38:14.741" endtime="20200616 11:38:15.232"></status>
</suite>
<statistics>
<total>
<stat pass="1" fail="0">Critical Tests</stat>
<stat pass="1" fail="0">All Tests</stat>
</total>
<tag>
<stat pass="1" fail="0">sanity</stat>
</tag>
<suite>
<stat pass="1" fail="0" id="s1" name="RobotProject Sample">RobotProject Sample</stat>
<stat pass="1" fail="0" id="s1-s1" name="Demo">RobotProject Sample.Demo</stat>
<stat pass="1" fail="0" id="s1-s1-s1" name="TestSuite1">RobotProject Sample.Demo.TestSuite1</stat>
</suite>
</statistics>
<errors>
</errors>
</robot>
